Performing C SOURCE FILE Test HAVE_STRUCT_STAT_ST_MTIM failed with the following output:
Change Dir: /Users/bhale/dev/sources/git-viewer-for-macos/libgit2/CMakeFiles/CMakeTmp

Run Build Command:"/usr/bin/xcodebuild" "-project" "CMAKE_TRY_COMPILE.xcodeproj" "build" "-target" "cmTC_61110" "-configuration" "Debug"
=== BUILD TARGET cmTC_61110 OF PROJECT CMAKE_TRY_COMPILE WITH CONFIGURATION Debug ===

Check dependencies

Write auxiliary files
/bin/mkdir -p /Users/bhale/dev/sources/git-viewer-for-macos/libgit2/CMakeFiles/CMakeTmp/CMAKE_TRY_COMPILE.build/Debug/cmTC_61110.build/Objects-normal/x86_64
write-file /Users/bhale/dev/sources/git-viewer-for-macos/libgit2/CMakeFiles/CMakeTmp/CMAKE_TRY_COMPILE.build/Debug/cmTC_61110.build/Objects-normal/x86_64/cmTC_61110.LinkFileList

CompileC CMAKE_TRY_COMPILE.build/Debug/cmTC_61110.build/Objects-normal/x86_64/src.o src.c normal x86_64 c com.apple.compilers.llvm.clang.1_0.compiler
    cd /Users/bhale/dev/sources/git-viewer-for-macos/libgit2/CMakeFiles/CMakeTmp
    export LANG=en_US.US-ASCII
    /Applications/Xcode.app/Contents/Developer/Toolchains/XcodeDefault.xctoolchain/usr/bin/clang -x c -arch x86_64 -fmessage-length=0 -fdiagnostics-show-note-include-stack -fmacro-backtrace-limit=0 -Wno-trigraphs -fpascal-strings -O0 -Wno-missing-field-initializers -Wno-missing-prototypes -Wno-return-type -Wno-missing-braces -Wparentheses -Wswitch -Wno-unused-function -Wno-unused-label -Wno-unused-parameter -Wno-unused-variable -Wunused-value -Wno-empty-body -Wno-uninitialized -Wno-unknown-pragmas -Wno-shadow -Wno-four-char-constants -Wno-conversion -Wno-constant-conversion -Wno-int-conversion -Wno-bool-conversion -Wno-enum-conversion -Wno-shorten-64-to-32 -Wpointer-sign -Wno-newline-eof -DCMAKE_INTDIR=\"Debug\" -isysroot /Applications/Xcode.app/Contents/Developer/Platforms/MacOSX.platform/Developer/SDKs/MacOSX10.12.sdk -fasm-blocks -fstrict-aliasing -Wdeprecated-declarations -mmacosx-version-min=10.12 -g -Wno-sign-conversion -Wno-infinite-recursion -I/Users/bhale/dev/sources/git-viewer-for-macos/libgit2/CMakeFiles/CMakeTmp/Debug/include -I/Users/bhale/dev/sources/git-viewer-for-macos/libgit2/CMakeFiles/CMakeTmp/CMAKE_TRY_COMPILE.build/Debug/cmTC_61110.build/DerivedSources/x86_64 -I/Users/bhale/dev/sources/git-viewer-for-macos/libgit2/CMakeFiles/CMakeTmp/CMAKE_TRY_COMPILE.build/Debug/cmTC_61110.build/DerivedSources -Wmost -Wno-four-char-constants -Wno-unknown-pragmas -F/Users/bhale/dev/sources/git-viewer-for-macos/libgit2/CMakeFiles/CMakeTmp/Debug -DHAVE_STRUCT_STAT_ST_MTIM -MMD -MT dependencies -MF /Users/bhale/dev/sources/git-viewer-for-macos/libgit2/CMakeFiles/CMakeTmp/CMAKE_TRY_COMPILE.build/Debug/cmTC_61110.build/Objects-normal/x86_64/src.d --serialize-diagnostics /Users/bhale/dev/sources/git-viewer-for-macos/libgit2/CMakeFiles/CMakeTmp/CMAKE_TRY_COMPILE.build/Debug/cmTC_61110.build/Objects-normal/x86_64/src.dia -c /Users/bhale/dev/sources/git-viewer-for-macos/libgit2/CMakeFiles/CMakeTmp/src.c -o /Users/bhale/dev/sources/git-viewer-for-macos/libgit2/CMakeFiles/CMakeTmp/CMAKE_TRY_COMPILE.build/Debug/cmTC_61110.build/Objects-normal/x86_64/src.o
/Users/bhale/dev/sources/git-viewer-for-macos/libgit2/CMakeFiles/CMakeTmp/src.c:7:37: error: no member named 'st_mtim' in 'struct stat'
   (void)sizeof(((struct stat *)0)->st_mtim);
                ~~~~~~~~~~~~~~~~~~  ^
1 error generated.

Ld Debug/cmTC_61110 normal x86_64
    cd /Users/bhale/dev/sources/git-viewer-for-macos/libgit2/CMakeFiles/CMakeTmp
    export MACOSX_DEPLOYMENT_TARGET=10.12
    /Applications/Xcode.app/Contents/Developer/Toolchains/XcodeDefault.xctoolchain/usr/bin/clang -arch x86_64 -isysroot /Applications/Xcode.app/Contents/Developer/Platforms/MacOSX.platform/Developer/SDKs/MacOSX10.12.sdk -L/Users/bhale/dev/sources/git-viewer-for-macos/libgit2/CMakeFiles/CMakeTmp/Debug -F/Users/bhale/dev/sources/git-viewer-for-macos/libgit2/CMakeFiles/CMakeTmp/Debug -filelist /Users/bhale/dev/sources/git-viewer-for-macos/libgit2/CMakeFiles/CMakeTmp/CMAKE_TRY_COMPILE.build/Debug/cmTC_61110.build/Objects-normal/x86_64/cmTC_61110.LinkFileList -mmacosx-version-min=10.12 -Xlinker -object_path_lto -Xlinker /Users/bhale/dev/sources/git-viewer-for-macos/libgit2/CMakeFiles/CMakeTmp/CMAKE_TRY_COMPILE.build/Debug/cmTC_61110.build/Objects-normal/x86_64/cmTC_61110_lto.o -Xlinker -no_deduplicate -Wl,-search_paths_first -Wl,-headerpad_max_install_names -Xlinker -dependency_info -Xlinker /Users/bhale/dev/sources/git-viewer-for-macos/libgit2/CMakeFiles/CMakeTmp/CMAKE_TRY_COMPILE.build/Debug/cmTC_61110.build/Objects-normal/x86_64/cmTC_61110_dependency_info.dat -o /Users/bhale/dev/sources/git-viewer-for-macos/libgit2/CMakeFiles/CMakeTmp/Debug/cmTC_61110
ld: file not found: /Users/bhale/dev/sources/git-viewer-for-macos/libgit2/CMakeFiles/CMakeTmp/CMAKE_TRY_COMPILE.build/Debug/cmTC_61110.build/Objects-normal/x86_64/src.o
clang: error: linker command failed with exit code 1 (use -v to see invocation)

** BUILD FAILED **


The following build commands failed:
	CompileC CMAKE_TRY_COMPILE.build/Debug/cmTC_61110.build/Objects-normal/x86_64/src.o src.c normal x86_64 c com.apple.compilers.llvm.clang.1_0.compiler
	Ld Debug/cmTC_61110 normal x86_64
(2 failures)

Source file was:

#include <sys/types.h>
#include <sys/stat.h>

int main()
{
   (void)sizeof(((struct stat *)0)->st_mtim);
   return 0;
}

Performing C SOURCE FILE Test HAVE_STRUCT_STAT_MTIME_NSEC failed with the following output:
Change Dir: /Users/bhale/dev/sources/git-viewer-for-macos/libgit2/CMakeFiles/CMakeTmp

Run Build Command:"/usr/bin/xcodebuild" "-project" "CMAKE_TRY_COMPILE.xcodeproj" "build" "-target" "cmTC_ceab5" "-configuration" "Debug"
=== BUILD TARGET cmTC_ceab5 OF PROJECT CMAKE_TRY_COMPILE WITH CONFIGURATION Debug ===

Check dependencies

Write auxiliary files
/bin/mkdir -p /Users/bhale/dev/sources/git-viewer-for-macos/libgit2/CMakeFiles/CMakeTmp/CMAKE_TRY_COMPILE.build/Debug/cmTC_ceab5.build/Objects-normal/x86_64
write-file /Users/bhale/dev/sources/git-viewer-for-macos/libgit2/CMakeFiles/CMakeTmp/CMAKE_TRY_COMPILE.build/Debug/cmTC_ceab5.build/Objects-normal/x86_64/cmTC_ceab5.LinkFileList

CompileC CMAKE_TRY_COMPILE.build/Debug/cmTC_ceab5.build/Objects-normal/x86_64/src.o src.c normal x86_64 c com.apple.compilers.llvm.clang.1_0.compiler
    cd /Users/bhale/dev/sources/git-viewer-for-macos/libgit2/CMakeFiles/CMakeTmp
    export LANG=en_US.US-ASCII
    /Applications/Xcode.app/Contents/Developer/Toolchains/XcodeDefault.xctoolchain/usr/bin/clang -x c -arch x86_64 -fmessage-length=0 -fdiagnostics-show-note-include-stack -fmacro-backtrace-limit=0 -Wno-trigraphs -fpascal-strings -O0 -Wno-missing-field-initializers -Wno-missing-prototypes -Wno-return-type -Wno-missing-braces -Wparentheses -Wswitch -Wno-unused-function -Wno-unused-label -Wno-unused-parameter -Wno-unused-variable -Wunused-value -Wno-empty-body -Wno-uninitialized -Wno-unknown-pragmas -Wno-shadow -Wno-four-char-constants -Wno-conversion -Wno-constant-conversion -Wno-int-conversion -Wno-bool-conversion -Wno-enum-conversion -Wno-shorten-64-to-32 -Wpointer-sign -Wno-newline-eof -DCMAKE_INTDIR=\"Debug\" -isysroot /Applications/Xcode.app/Contents/Developer/Platforms/MacOSX.platform/Developer/SDKs/MacOSX10.12.sdk -fasm-blocks -fstrict-aliasing -Wdeprecated-declarations -mmacosx-version-min=10.12 -g -Wno-sign-conversion -Wno-infinite-recursion -I/Users/bhale/dev/sources/git-viewer-for-macos/libgit2/CMakeFiles/CMakeTmp/Debug/include -I/Users/bhale/dev/sources/git-viewer-for-macos/libgit2/CMakeFiles/CMakeTmp/CMAKE_TRY_COMPILE.build/Debug/cmTC_ceab5.build/DerivedSources/x86_64 -I/Users/bhale/dev/sources/git-viewer-for-macos/libgit2/CMakeFiles/CMakeTmp/CMAKE_TRY_COMPILE.build/Debug/cmTC_ceab5.build/DerivedSources -Wmost -Wno-four-char-constants -Wno-unknown-pragmas -F/Users/bhale/dev/sources/git-viewer-for-macos/libgit2/CMakeFiles/CMakeTmp/Debug -DHAVE_STRUCT_STAT_MTIME_NSEC -MMD -MT dependencies -MF /Users/bhale/dev/sources/git-viewer-for-macos/libgit2/CMakeFiles/CMakeTmp/CMAKE_TRY_COMPILE.build/Debug/cmTC_ceab5.build/Objects-normal/x86_64/src.d --serialize-diagnostics /Users/bhale/dev/sources/git-viewer-for-macos/libgit2/CMakeFiles/CMakeTmp/CMAKE_TRY_COMPILE.build/Debug/cmTC_ceab5.build/Objects-normal/x86_64/src.dia -c /Users/bhale/dev/sources/git-viewer-for-macos/libgit2/CMakeFiles/CMakeTmp/src.c -o /Users/bhale/dev/sources/git-viewer-for-macos/libgit2/CMakeFiles/CMakeTmp/CMAKE_TRY_COMPILE.build/Debug/cmTC_ceab5.build/Objects-normal/x86_64/src.o
/Users/bhale/dev/sources/git-viewer-for-macos/libgit2/CMakeFiles/CMakeTmp/src.c:6:37: error: no member named 'st_mtime_nsec' in 'struct stat'; did you mean 'st_mtimespec'?
   (void)sizeof(((struct stat *)0)->st_mtime_nsec);
                                    ^~~~~~~~~~~~~
                                    st_mtimespec
In file included from /Users/bhale/dev/sources/git-viewer-for-macos/libgit2/CMakeFiles/CMakeTmp/src.c:2:
/Applications/Xcode.app/Contents/Developer/Platforms/MacOSX.platform/Developer/SDKs/MacOSX10.12.sdk/usr/include/sys/stat.h:182:13: note: 'st_mtimespec' declared here
struct stat __DARWIN_STRUCT_STAT64;
            ^
/Applications/Xcode.app/Contents/Developer/Platforms/MacOSX.platform/Developer/SDKs/MacOSX10.12.sdk/usr/include/sys/stat.h:166:2: note: expanded from macro '__DARWIN_STRUCT_STAT64'
        __DARWIN_STRUCT_STAT64_TIMES \
        ^
/Applications/Xcode.app/Contents/Developer/Platforms/MacOSX.platform/Developer/SDKs/MacOSX10.12.sdk/usr/include/sys/stat.h:130:18: note: expanded from macro '__DARWIN_STRUCT_STAT64_TIMES'
        struct timespec st_mtimespec;           /* time of last data modification */ \
                        ^
1 error generated.

Ld Debug/cmTC_ceab5 normal x86_64
    cd /Users/bhale/dev/sources/git-viewer-for-macos/libgit2/CMakeFiles/CMakeTmp
    export MACOSX_DEPLOYMENT_TARGET=10.12
    /Applications/Xcode.app/Contents/Developer/Toolchains/XcodeDefault.xctoolchain/usr/bin/clang -arch x86_64 -isysroot /Applications/Xcode.app/Contents/Developer/Platforms/MacOSX.platform/Developer/SDKs/MacOSX10.12.sdk -L/Users/bhale/dev/sources/git-viewer-for-macos/libgit2/CMakeFiles/CMakeTmp/Debug -F/Users/bhale/dev/sources/git-viewer-for-macos/libgit2/CMakeFiles/CMakeTmp/Debug -filelist /Users/bhale/dev/sources/git-viewer-for-macos/libgit2/CMakeFiles/CMakeTmp/CMAKE_TRY_COMPILE.build/Debug/cmTC_ceab5.build/Objects-normal/x86_64/cmTC_ceab5.LinkFileList -mmacosx-version-min=10.12 -Xlinker -object_path_lto -Xlinker /Users/bhale/dev/sources/git-viewer-for-macos/libgit2/CMakeFiles/CMakeTmp/CMAKE_TRY_COMPILE.build/Debug/cmTC_ceab5.build/Objects-normal/x86_64/cmTC_ceab5_lto.o -Xlinker -no_deduplicate -Wl,-search_paths_first -Wl,-headerpad_max_install_names -Xlinker -dependency_info -Xlinker /Users/bhale/dev/sources/git-viewer-for-macos/libgit2/CMakeFiles/CMakeTmp/CMAKE_TRY_COMPILE.build/Debug/cmTC_ceab5.build/Objects-normal/x86_64/cmTC_ceab5_dependency_info.dat -o /Users/bhale/dev/sources/git-viewer-for-macos/libgit2/CMakeFiles/CMakeTmp/Debug/cmTC_ceab5
ld: file not found: /Users/bhale/dev/sources/git-viewer-for-macos/libgit2/CMakeFiles/CMakeTmp/CMAKE_TRY_COMPILE.build/Debug/cmTC_ceab5.build/Objects-normal/x86_64/src.o
clang: error: linker command failed with exit code 1 (use -v to see invocation)

** BUILD FAILED **


The following build commands failed:
	CompileC CMAKE_TRY_COMPILE.build/Debug/cmTC_ceab5.build/Objects-normal/x86_64/src.o src.c normal x86_64 c com.apple.compilers.llvm.clang.1_0.compiler
	Ld Debug/cmTC_ceab5 normal x86_64
(2 failures)

Source file was:

#include <sys/stat.h>

int main()
{
   (void)sizeof(((struct stat *)0)->st_mtime_nsec);
   return 0;
}

Determining if the function futimens exists failed with the following output:
Change Dir: /Users/bhale/dev/sources/git-viewer-for-macos/libgit2/CMakeFiles/CMakeTmp

Run Build Command:"/usr/bin/xcodebuild" "-project" "CMAKE_TRY_COMPILE.xcodeproj" "build" "-target" "cmTC_2bf4f" "-configuration" "Debug"
=== BUILD TARGET cmTC_2bf4f OF PROJECT CMAKE_TRY_COMPILE WITH CONFIGURATION Debug ===

Check dependencies

Write auxiliary files
/bin/mkdir -p /Users/bhale/dev/sources/git-viewer-for-macos/libgit2/CMakeFiles/CMakeTmp/CMAKE_TRY_COMPILE.build/Debug/cmTC_2bf4f.build/Objects-normal/x86_64
write-file /Users/bhale/dev/sources/git-viewer-for-macos/libgit2/CMakeFiles/CMakeTmp/CMAKE_TRY_COMPILE.build/Debug/cmTC_2bf4f.build/Objects-normal/x86_64/cmTC_2bf4f.LinkFileList

CompileC CMAKE_TRY_COMPILE.build/Debug/cmTC_2bf4f.build/Objects-normal/x86_64/CheckFunctionExists.o /usr/local/Cellar/cmake/3.6.2/share/cmake/Modules/CheckFunctionExists.c normal x86_64 c com.apple.compilers.llvm.clang.1_0.compiler
    cd /Users/bhale/dev/sources/git-viewer-for-macos/libgit2/CMakeFiles/CMakeTmp
    export LANG=en_US.US-ASCII
    /Applications/Xcode.app/Contents/Developer/Toolchains/XcodeDefault.xctoolchain/usr/bin/clang -x c -arch x86_64 -fmessage-length=0 -fdiagnostics-show-note-include-stack -fmacro-backtrace-limit=0 -Wno-trigraphs -fpascal-strings -O0 -Wno-missing-field-initializers -Wno-missing-prototypes -Wno-return-type -Wno-missing-braces -Wparentheses -Wswitch -Wno-unused-function -Wno-unused-label -Wno-unused-parameter -Wno-unused-variable -Wunused-value -Wno-empty-body -Wno-uninitialized -Wno-unknown-pragmas -Wno-shadow -Wno-four-char-constants -Wno-conversion -Wno-constant-conversion -Wno-int-conversion -Wno-bool-conversion -Wno-enum-conversion -Wno-shorten-64-to-32 -Wpointer-sign -Wno-newline-eof -DCMAKE_INTDIR=\"Debug\" -isysroot /Applications/Xcode.app/Contents/Developer/Platforms/MacOSX.platform/Developer/SDKs/MacOSX10.12.sdk -fasm-blocks -fstrict-aliasing -Wdeprecated-declarations -mmacosx-version-min=10.12 -g -Wno-sign-conversion -Wno-infinite-recursion -I/Users/bhale/dev/sources/git-viewer-for-macos/libgit2/CMakeFiles/CMakeTmp/Debug/include -I/Users/bhale/dev/sources/git-viewer-for-macos/libgit2/CMakeFiles/CMakeTmp/CMAKE_TRY_COMPILE.build/Debug/cmTC_2bf4f.build/DerivedSources/x86_64 -I/Users/bhale/dev/sources/git-viewer-for-macos/libgit2/CMakeFiles/CMakeTmp/CMAKE_TRY_COMPILE.build/Debug/cmTC_2bf4f.build/DerivedSources -Wmost -Wno-four-char-constants -Wno-unknown-pragmas -F/Users/bhale/dev/sources/git-viewer-for-macos/libgit2/CMakeFiles/CMakeTmp/Debug -D_GNU_SOURCE -Wall -Wextra -Wdocumentation -Wno-missing-field-initializers -Wstrict-aliasing=2 -Wstrict-prototypes -Wdeclaration-after-statement -Wno-unused-const-variable -Wno-unused-function -Wno-deprecated-declarations -DCHECK_FUNCTION_EXISTS=futimens -MMD -MT dependencies -MF /Users/bhale/dev/sources/git-viewer-for-macos/libgit2/CMakeFiles/CMakeTmp/CMAKE_TRY_COMPILE.build/Debug/cmTC_2bf4f.build/Objects-normal/x86_64/CheckFunctionExists.d --serialize-diagnostics /Users/bhale/dev/sources/git-viewer-for-macos/libgit2/CMakeFiles/CMakeTmp/CMAKE_TRY_COMPILE.build/Debug/cmTC_2bf4f.build/Objects-normal/x86_64/CheckFunctionExists.dia -c /usr/local/Cellar/cmake/3.6.2/share/cmake/Modules/CheckFunctionExists.c -o /Users/bhale/dev/sources/git-viewer-for-macos/libgit2/CMakeFiles/CMakeTmp/CMAKE_TRY_COMPILE.build/Debug/cmTC_2bf4f.build/Objects-normal/x86_64/CheckFunctionExists.o

Ld Debug/cmTC_2bf4f normal x86_64
    cd /Users/bhale/dev/sources/git-viewer-for-macos/libgit2/CMakeFiles/CMakeTmp
    export MACOSX_DEPLOYMENT_TARGET=10.12
    /Applications/Xcode.app/Contents/Developer/Toolchains/XcodeDefault.xctoolchain/usr/bin/clang -arch x86_64 -isysroot /Applications/Xcode.app/Contents/Developer/Platforms/MacOSX.platform/Developer/SDKs/MacOSX10.12.sdk -L/Users/bhale/dev/sources/git-viewer-for-macos/libgit2/CMakeFiles/CMakeTmp/Debug -F/Users/bhale/dev/sources/git-viewer-for-macos/libgit2/CMakeFiles/CMakeTmp/Debug -filelist /Users/bhale/dev/sources/git-viewer-for-macos/libgit2/CMakeFiles/CMakeTmp/CMAKE_TRY_COMPILE.build/Debug/cmTC_2bf4f.build/Objects-normal/x86_64/cmTC_2bf4f.LinkFileList -mmacosx-version-min=10.12 -Xlinker -object_path_lto -Xlinker /Users/bhale/dev/sources/git-viewer-for-macos/libgit2/CMakeFiles/CMakeTmp/CMAKE_TRY_COMPILE.build/Debug/cmTC_2bf4f.build/Objects-normal/x86_64/cmTC_2bf4f_lto.o -Xlinker -no_deduplicate -Wl,-search_paths_first -Wl,-headerpad_max_install_names -Xlinker -dependency_info -Xlinker /Users/bhale/dev/sources/git-viewer-for-macos/libgit2/CMakeFiles/CMakeTmp/CMAKE_TRY_COMPILE.build/Debug/cmTC_2bf4f.build/Objects-normal/x86_64/cmTC_2bf4f_dependency_info.dat -o /Users/bhale/dev/sources/git-viewer-for-macos/libgit2/CMakeFiles/CMakeTmp/Debug/cmTC_2bf4f
Undefined symbols for architecture x86_64:
  "_futimens", referenced from:
      _main in CheckFunctionExists.o
ld: symbol(s) not found for architecture x86_64
clang: error: linker command failed with exit code 1 (use -v to see invocation)

** BUILD FAILED **


The following build commands failed:
	Ld Debug/cmTC_2bf4f normal x86_64
(1 failure)


Determining if the function qsort_s exists failed with the following output:
Change Dir: /Users/bhale/dev/sources/git-viewer-for-macos/libgit2/CMakeFiles/CMakeTmp

Run Build Command:"/usr/bin/xcodebuild" "-project" "CMAKE_TRY_COMPILE.xcodeproj" "build" "-target" "cmTC_6723d" "-configuration" "Debug"
=== BUILD TARGET cmTC_6723d OF PROJECT CMAKE_TRY_COMPILE WITH CONFIGURATION Debug ===

Check dependencies

Write auxiliary files
/bin/mkdir -p /Users/bhale/dev/sources/git-viewer-for-macos/libgit2/CMakeFiles/CMakeTmp/CMAKE_TRY_COMPILE.build/Debug/cmTC_6723d.build/Objects-normal/x86_64
write-file /Users/bhale/dev/sources/git-viewer-for-macos/libgit2/CMakeFiles/CMakeTmp/CMAKE_TRY_COMPILE.build/Debug/cmTC_6723d.build/Objects-normal/x86_64/cmTC_6723d.LinkFileList

CompileC CMAKE_TRY_COMPILE.build/Debug/cmTC_6723d.build/Objects-normal/x86_64/CheckFunctionExists.o /usr/local/Cellar/cmake/3.6.2/share/cmake/Modules/CheckFunctionExists.c normal x86_64 c com.apple.compilers.llvm.clang.1_0.compiler
    cd /Users/bhale/dev/sources/git-viewer-for-macos/libgit2/CMakeFiles/CMakeTmp
    export LANG=en_US.US-ASCII
    /Applications/Xcode.app/Contents/Developer/Toolchains/XcodeDefault.xctoolchain/usr/bin/clang -x c -arch x86_64 -fmessage-length=0 -fdiagnostics-show-note-include-stack -fmacro-backtrace-limit=0 -Wno-trigraphs -fpascal-strings -O0 -Wno-missing-field-initializers -Wno-missing-prototypes -Wno-return-type -Wno-missing-braces -Wparentheses -Wswitch -Wno-unused-function -Wno-unused-label -Wno-unused-parameter -Wno-unused-variable -Wunused-value -Wno-empty-body -Wno-uninitialized -Wno-unknown-pragmas -Wno-shadow -Wno-four-char-constants -Wno-conversion -Wno-constant-conversion -Wno-int-conversion -Wno-bool-conversion -Wno-enum-conversion -Wno-shorten-64-to-32 -Wpointer-sign -Wno-newline-eof -DCMAKE_INTDIR=\"Debug\" -isysroot /Applications/Xcode.app/Contents/Developer/Platforms/MacOSX.platform/Developer/SDKs/MacOSX10.12.sdk -fasm-blocks -fstrict-aliasing -Wdeprecated-declarations -mmacosx-version-min=10.12 -g -Wno-sign-conversion -Wno-infinite-recursion -I/Users/bhale/dev/sources/git-viewer-for-macos/libgit2/CMakeFiles/CMakeTmp/Debug/include -I/Users/bhale/dev/sources/git-viewer-for-macos/libgit2/CMakeFiles/CMakeTmp/CMAKE_TRY_COMPILE.build/Debug/cmTC_6723d.build/DerivedSources/x86_64 -I/Users/bhale/dev/sources/git-viewer-for-macos/libgit2/CMakeFiles/CMakeTmp/CMAKE_TRY_COMPILE.build/Debug/cmTC_6723d.build/DerivedSources -Wmost -Wno-four-char-constants -Wno-unknown-pragmas -F/Users/bhale/dev/sources/git-viewer-for-macos/libgit2/CMakeFiles/CMakeTmp/Debug -D_GNU_SOURCE -Wall -Wextra -Wdocumentation -Wno-missing-field-initializers -Wstrict-aliasing=2 -Wstrict-prototypes -Wdeclaration-after-statement -Wno-unused-const-variable -Wno-unused-function -Wno-deprecated-declarations -DCHECK_FUNCTION_EXISTS=qsort_s -MMD -MT dependencies -MF /Users/bhale/dev/sources/git-viewer-for-macos/libgit2/CMakeFiles/CMakeTmp/CMAKE_TRY_COMPILE.build/Debug/cmTC_6723d.build/Objects-normal/x86_64/CheckFunctionExists.d --serialize-diagnostics /Users/bhale/dev/sources/git-viewer-for-macos/libgit2/CMakeFiles/CMakeTmp/CMAKE_TRY_COMPILE.build/Debug/cmTC_6723d.build/Objects-normal/x86_64/CheckFunctionExists.dia -c /usr/local/Cellar/cmake/3.6.2/share/cmake/Modules/CheckFunctionExists.c -o /Users/bhale/dev/sources/git-viewer-for-macos/libgit2/CMakeFiles/CMakeTmp/CMAKE_TRY_COMPILE.build/Debug/cmTC_6723d.build/Objects-normal/x86_64/CheckFunctionExists.o

Ld Debug/cmTC_6723d normal x86_64
    cd /Users/bhale/dev/sources/git-viewer-for-macos/libgit2/CMakeFiles/CMakeTmp
    export MACOSX_DEPLOYMENT_TARGET=10.12
    /Applications/Xcode.app/Contents/Developer/Toolchains/XcodeDefault.xctoolchain/usr/bin/clang -arch x86_64 -isysroot /Applications/Xcode.app/Contents/Developer/Platforms/MacOSX.platform/Developer/SDKs/MacOSX10.12.sdk -L/Users/bhale/dev/sources/git-viewer-for-macos/libgit2/CMakeFiles/CMakeTmp/Debug -F/Users/bhale/dev/sources/git-viewer-for-macos/libgit2/CMakeFiles/CMakeTmp/Debug -filelist /Users/bhale/dev/sources/git-viewer-for-macos/libgit2/CMakeFiles/CMakeTmp/CMAKE_TRY_COMPILE.build/Debug/cmTC_6723d.build/Objects-normal/x86_64/cmTC_6723d.LinkFileList -mmacosx-version-min=10.12 -Xlinker -object_path_lto -Xlinker /Users/bhale/dev/sources/git-viewer-for-macos/libgit2/CMakeFiles/CMakeTmp/CMAKE_TRY_COMPILE.build/Debug/cmTC_6723d.build/Objects-normal/x86_64/cmTC_6723d_lto.o -Xlinker -no_deduplicate -Wl,-search_paths_first -Wl,-headerpad_max_install_names -Xlinker -dependency_info -Xlinker /Users/bhale/dev/sources/git-viewer-for-macos/libgit2/CMakeFiles/CMakeTmp/CMAKE_TRY_COMPILE.build/Debug/cmTC_6723d.build/Objects-normal/x86_64/cmTC_6723d_dependency_info.dat -o /Users/bhale/dev/sources/git-viewer-for-macos/libgit2/CMakeFiles/CMakeTmp/Debug/cmTC_6723d
Undefined symbols for architecture x86_64:
  "_qsort_s", referenced from:
      _main in CheckFunctionExists.o
ld: symbol(s) not found for architecture x86_64
clang: error: linker command failed with exit code 1 (use -v to see invocation)

** BUILD FAILED **


The following build commands failed:
	Ld Debug/cmTC_6723d normal x86_64
(1 failure)


Determining if the function clock_gettime exists in the rt failed with the following output:
Change Dir: /Users/bhale/dev/sources/git-viewer-for-macos/libgit2/CMakeFiles/CMakeTmp

Run Build Command:"/usr/bin/xcodebuild" "-project" "CMAKE_TRY_COMPILE.xcodeproj" "build" "-target" "cmTC_abe19" "-configuration" "Debug"
=== BUILD TARGET cmTC_abe19 OF PROJECT CMAKE_TRY_COMPILE WITH CONFIGURATION Debug ===

Check dependencies

Write auxiliary files
/bin/mkdir -p /Users/bhale/dev/sources/git-viewer-for-macos/libgit2/CMakeFiles/CMakeTmp/CMAKE_TRY_COMPILE.build/Debug/cmTC_abe19.build/Objects-normal/x86_64
write-file /Users/bhale/dev/sources/git-viewer-for-macos/libgit2/CMakeFiles/CMakeTmp/CMAKE_TRY_COMPILE.build/Debug/cmTC_abe19.build/Objects-normal/x86_64/cmTC_abe19.LinkFileList

CompileC CMAKE_TRY_COMPILE.build/Debug/cmTC_abe19.build/Objects-normal/x86_64/CheckFunctionExists.o /usr/local/Cellar/cmake/3.6.2/share/cmake/Modules/CheckFunctionExists.c normal x86_64 c com.apple.compilers.llvm.clang.1_0.compiler
    cd /Users/bhale/dev/sources/git-viewer-for-macos/libgit2/CMakeFiles/CMakeTmp
    export LANG=en_US.US-ASCII
    /Applications/Xcode.app/Contents/Developer/Toolchains/XcodeDefault.xctoolchain/usr/bin/clang -x c -arch x86_64 -fmessage-length=0 -fdiagnostics-show-note-include-stack -fmacro-backtrace-limit=0 -Wno-trigraphs -fpascal-strings -O0 -Wno-missing-field-initializers -Wno-missing-prototypes -Wno-return-type -Wno-missing-braces -Wparentheses -Wswitch -Wno-unused-function -Wno-unused-label -Wno-unused-parameter -Wno-unused-variable -Wunused-value -Wno-empty-body -Wno-uninitialized -Wno-unknown-pragmas -Wno-shadow -Wno-four-char-constants -Wno-conversion -Wno-constant-conversion -Wno-int-conversion -Wno-bool-conversion -Wno-enum-conversion -Wno-shorten-64-to-32 -Wpointer-sign -Wno-newline-eof -DCMAKE_INTDIR=\"Debug\" -isysroot /Applications/Xcode.app/Contents/Developer/Platforms/MacOSX.platform/Developer/SDKs/MacOSX10.12.sdk -fasm-blocks -fstrict-aliasing -Wdeprecated-declarations -mmacosx-version-min=10.12 -g -Wno-sign-conversion -Wno-infinite-recursion -I/Users/bhale/dev/sources/git-viewer-for-macos/libgit2/CMakeFiles/CMakeTmp/Debug/include -I/Users/bhale/dev/sources/git-viewer-for-macos/libgit2/CMakeFiles/CMakeTmp/CMAKE_TRY_COMPILE.build/Debug/cmTC_abe19.build/DerivedSources/x86_64 -I/Users/bhale/dev/sources/git-viewer-for-macos/libgit2/CMakeFiles/CMakeTmp/CMAKE_TRY_COMPILE.build/Debug/cmTC_abe19.build/DerivedSources -Wmost -Wno-four-char-constants -Wno-unknown-pragmas -F/Users/bhale/dev/sources/git-viewer-for-macos/libgit2/CMakeFiles/CMakeTmp/Debug -D_GNU_SOURCE -Wall -Wextra -Wdocumentation -Wno-missing-field-initializers -Wstrict-aliasing=2 -Wstrict-prototypes -Wdeclaration-after-statement -Wno-unused-const-variable -Wno-unused-function -Wno-deprecated-declarations -DCHECK_FUNCTION_EXISTS=clock_gettime -MMD -MT dependencies -MF /Users/bhale/dev/sources/git-viewer-for-macos/libgit2/CMakeFiles/CMakeTmp/CMAKE_TRY_COMPILE.build/Debug/cmTC_abe19.build/Objects-normal/x86_64/CheckFunctionExists.d --serialize-diagnostics /Users/bhale/dev/sources/git-viewer-for-macos/libgit2/CMakeFiles/CMakeTmp/CMAKE_TRY_COMPILE.build/Debug/cmTC_abe19.build/Objects-normal/x86_64/CheckFunctionExists.dia -c /usr/local/Cellar/cmake/3.6.2/share/cmake/Modules/CheckFunctionExists.c -o /Users/bhale/dev/sources/git-viewer-for-macos/libgit2/CMakeFiles/CMakeTmp/CMAKE_TRY_COMPILE.build/Debug/cmTC_abe19.build/Objects-normal/x86_64/CheckFunctionExists.o

Ld Debug/cmTC_abe19 normal x86_64
    cd /Users/bhale/dev/sources/git-viewer-for-macos/libgit2/CMakeFiles/CMakeTmp
    export MACOSX_DEPLOYMENT_TARGET=10.12
    /Applications/Xcode.app/Contents/Developer/Toolchains/XcodeDefault.xctoolchain/usr/bin/clang -arch x86_64 -isysroot /Applications/Xcode.app/Contents/Developer/Platforms/MacOSX.platform/Developer/SDKs/MacOSX10.12.sdk -L/Users/bhale/dev/sources/git-viewer-for-macos/libgit2/CMakeFiles/CMakeTmp/Debug -L/Users/bhale/dev/sources/git-viewer-for-macos/libgit2/CMakeFiles/CMakeTmp/time.h/Debug -L/Users/bhale/dev/sources/git-viewer-for-macos/libgit2/CMakeFiles/CMakeTmp/time.h -F/Users/bhale/dev/sources/git-viewer-for-macos/libgit2/CMakeFiles/CMakeTmp/Debug -filelist /Users/bhale/dev/sources/git-viewer-for-macos/libgit2/CMakeFiles/CMakeTmp/CMAKE_TRY_COMPILE.build/Debug/cmTC_abe19.build/Objects-normal/x86_64/cmTC_abe19.LinkFileList -Xlinker -rpath -Xlinker /Users/bhale/dev/sources/git-viewer-for-macos/libgit2/CMakeFiles/CMakeTmp/time.h -mmacosx-version-min=10.12 -Xlinker -object_path_lto -Xlinker /Users/bhale/dev/sources/git-viewer-for-macos/libgit2/CMakeFiles/CMakeTmp/CMAKE_TRY_COMPILE.build/Debug/cmTC_abe19.build/Objects-normal/x86_64/cmTC_abe19_lto.o -Xlinker -no_deduplicate -Wl,-search_paths_first -Wl,-headerpad_max_install_names -lrt -Xlinker -dependency_info -Xlinker /Users/bhale/dev/sources/git-viewer-for-macos/libgit2/CMakeFiles/CMakeTmp/CMAKE_TRY_COMPILE.build/Debug/cmTC_abe19.build/Objects-normal/x86_64/cmTC_abe19_dependency_info.dat -o /Users/bhale/dev/sources/git-viewer-for-macos/libgit2/CMakeFiles/CMakeTmp/Debug/cmTC_abe19
ld: warning: directory not found for option '-L/Users/bhale/dev/sources/git-viewer-for-macos/libgit2/CMakeFiles/CMakeTmp/time.h/Debug'
ld: warning: directory not found for option '-L/Users/bhale/dev/sources/git-viewer-for-macos/libgit2/CMakeFiles/CMakeTmp/time.h'
ld: library not found for -lrt
clang: error: linker command failed with exit code 1 (use -v to see invocation)

** BUILD FAILED **


The following build commands failed:
	Ld Debug/cmTC_abe19 normal x86_64
(1 failure)


